<?xml version="1.0" encoding="UTF-8"?>
<!-- Generated by org.testng.reporters.JUnitReportReporter -->
<testsuite hostname="LAPTOP-LAJIT7MF" failures="0" tests="1" name="runner.TestRunner" time="23.047" errors="0" timestamp="2025-03-07T12:52:40 IST" skipped="0">
  <testcase classname="runner.TestRunner" name="runScenario" time="23.047"/>
  <system-out/>
</testsuite> <!-- runner.TestRunner -->
